{"gitdate":"2014-10-01 23:55:21 +0200","exit_code":"1","name":"BlossomV","jlver":"0.4","gitsha":"708fffc34b463236700a475f133bbe4b4fafd4c8","status":"tests_fail","version":"0.0.1","url":"http://github.com/mlewe/BlossomV.jl","log":">>> 'Pkg.add(\"BlossomV\")' log\nINFO: Cloning cache of BlossomV from git://github.com/mlewe/BlossomV.jl.git\nINFO: Installing BlossomV v0.0.1\nINFO: Building BlossomV\n\nWARNING: deprecated syntax \"[a=>b, ...]\" at /home/vagrant/.julia/v0.4/BlossomV/deps/build.jl:28.\nUse \"Dict(a=>b, ...)\" instead.\nINFO: Attempting to Create directory /home/vagrant/.julia/v0.4/BlossomV/deps/downloads\nINFO: Downloading file http://pub.ist.ac.at/~vnk/software/blossom5-v2.04.src.tar.gz\n  % Total    % Received % Xferd  Average Speed   Time    Time     Time  Current\n                                 Dload  Upload   Total   Spent    Left  Speed\n\r  0     0    0     0    0     0      0      0 --:--:-- --:--:-- --:--:--     0\r  0     0    0     0    0     0      0      0 --:--:--  0:00:01 --:--:--     0\r100 47427  100 47427    0     0  24280      0  0:00:01  0:00:01 --:--:-- 24284\nINFO: Done downloading file http://pub.ist.ac.at/~vnk/software/blossom5-v2.04.src.tar.gz\nINFO: Attempting to Create directory /home/vagrant/.julia/v0.4/BlossomV/deps/src\nINFO: Attempting to Create directory /home/vagrant/.julia/v0.4/BlossomV/deps\nINFO: Directory /home/vagrant/.julia/v0.4/BlossomV/deps already created\nINFO: Changing Directory to /home/vagrant/.julia/v0.4/BlossomV/deps/src/blossom5-v2.04.src\nINFO: Attempting to Create directory /home/vagrant/.julia/v0.4/BlossomV/deps/usr/lib\npatching file Makefile\ng++ -O3 -D_NDEBUG -fPIC -fvisibility=hidden -std=c++1y  example.cpp -c -o example.o\ng++ -O3 -D_NDEBUG -fPIC -fvisibility=hidden -std=c++1y  interface.cpp -c -o interface.o\ng++ -O3 -D_NDEBUG -fPIC -fvisibility=hidden -std=c++1y  misc.cpp -c -o misc.o\ng++ -O3 -D_NDEBUG -fPIC -fvisibility=hidden -std=c++1y  PMduals.cpp -c -o PMduals.o\ng++ -O3 -D_NDEBUG -fPIC -fvisibility=hidden -std=c++1y  PMexpand.cpp -c -o PMexpand.o\ng++ -O3 -D_NDEBUG -fPIC -fvisibility=hidden -std=c++1y  PMinit.cpp -c -o PMinit.o\ng++ -O3 -D_NDEBUG -fPIC -fvisibility=hidden -std=c++1y  PMinterface.cpp -c -o PMinterface.o\ng++ -O3 -D_NDEBUG -fPIC -fvisibility=hidden -std=c++1y  PMmain.cpp -c -o PMmain.o\ng++ -O3 -D_NDEBUG -fPIC -fvisibility=hidden -std=c++1y  PMrepair.cpp -c -o PMrepair.o\ng++ -O3 -D_NDEBUG -fPIC -fvisibility=hidden -std=c++1y  PMshrink.cpp -c -o PMshrink.o\ninterface.cpp: In function ‘matching* matching_construct(int32_t, int32_t)’:\ninterface.cpp:25:14: error: ‘make_unique’ is not a member of ‘std’\n     result = std::make_unique<matching>(node_num, edge_num_max).release();\n              ^\ninterface.cpp:25:39: error: expected primary-expression before ‘>’ token\n     result = std::make_unique<matching>(node_num, edge_num_max).release();\n                                       ^\ninterface.cpp:25:65: error: request for member ‘release’ in ‘(0, edge_num_max)’, which is of non-class type ‘int32_t {aka int}’\n     result = std::make_unique<matching>(node_num, edge_num_max).release();\n                                                                 ^\nmake: *** [interface.o] Error 1\nmake: *** Waiting for unfinished jobs....\n==============================[ ERROR: BlossomV ]===============================\n\nLoadError: failed process: Process(setenv(`make -j8 all`,Union{ASCIIString,UTF8String}[\"PATH=/usr/local/sbin:/usr/local/bin:/usr/sbin:/usr/bin:/sbin:/bin:/usr/games:/usr/local/games:/home/vagrant/julia/bin/\",\"PWD=/vagrant/nightlyAL\",\"SHELL=/bin/bash\",\"SSH_CONNECTION=10.0.2.2 43344 10.0.2.15 22\",\"MAIL=/var/mail/vagrant\",\"LANG=en_US.UTF-8\",\"SHLVL=3\",\"LOGNAME=vagrant\",\"XDG_RUNTIME_DIR=/run/user/1000\",\"XDG_SESSION_ID=3\",\"OLDPWD=/home/vagrant\",\"SSH_CLIENT=10.0.2.2 43344 22\",\"_=/usr/bin/timeout\",\"USER=vagrant\",\"TERM=vt100\",\"HOME=/home/vagrant\",\"OPENBLAS_MAIN_FREE=1\",\"JAVA_HOME=/usr/lib/jvm/java-7-oracle\"]), ProcessExited(2)) [2]\nwhile loading /home/vagrant/.julia/v0.4/BlossomV/deps/build.jl, in expression starting on line 28\n\n================================================================================\n\n================================[ BUILD ERRORS ]================================\n\nWARNING: BlossomV had build errors.\n\n - packages with build errors remain installed in /home/vagrant/.julia/v0.4\n - build the package(s) and all dependencies with `Pkg.build(\"BlossomV\")`\n - build a single package by running its `deps/build.jl` script\n\n================================================================================\nINFO: Package database updated\nINFO: METADATA is out-of-date — you may not have the latest version of BlossomV\nINFO: Use `Pkg.update()` to get the latest versions of your packages\n\n>>> 'Pkg.test(\"BlossomV\")' log\nJulia Version 0.4.0-rc2+10\nCommit d8930a0 (2015-09-20 15:38 UTC)\nPlatform Info:\n  System: Linux (x86_64-unknown-linux-gnu)\n  CPU: Intel(R) Core(TM) i7-6700K CPU @ 4.00GHz\n  WORD_SIZE: 64\n  BLAS: libopenblas (USE64BITINT DYNAMIC_ARCH NO_AFFINITY Prescott)\n  LAPACK: libopenblas\n  LIBM: libopenlibm\n  LLVM: libLLVM-3.3\nINFO: Testing BlossomV\nERROR: LoadError: LoadError: BlossomV not properly installed. Please run Pkg.build(\"BlossomV\")\n in error at ./error.jl:21\n in include at ./boot.jl:261\n in include_from_node1 at ./loading.jl:304\n in require at ./loading.jl:243\n in include at ./boot.jl:261\n in include_from_node1 at ./loading.jl:304\n in process_options at ./client.jl:308\n in _start at ./client.jl:411\nwhile loading /home/vagrant/.julia/v0.4/BlossomV/src/BlossomV.jl, in expression starting on line 6\nwhile loading /home/vagrant/.julia/v0.4/BlossomV/test/runtests.jl, in expression starting on line 1\n==============================[ ERROR: BlossomV ]===============================\n\nfailed process: Process(`/home/vagrant/julia/bin/julia --check-bounds=yes --code-coverage=none --color=no /home/vagrant/.julia/v0.4/BlossomV/test/runtests.jl`, ProcessExited(1)) [1]\n\n================================================================================\nERROR: BlossomV had test errors\n in error at ./error.jl:21\n in test at pkg/entry.jl:753\n in anonymous at pkg/dir.jl:31\n in cd at file.jl:22\n in cd at pkg/dir.jl:31\n in test at pkg.jl:71\n in process_options at ./client.jl:284\n in _start at ./client.jl:411\n\n>>> End of log","licfile":"LICENSE.md","license":"MIT"}