{"gitdate":"2015-05-06 15:29:10 -0600","exit_code":"1","name":"ElasticFDA","jlver":"0.4","gitsha":"f7ac87d95df83ace308c17061c77f47e6f756251","status":"tests_fail","version":"0.0.4","url":"http://github.com/jdtuck/ElasticFDA.jl","log":">>> 'Pkg.add(\"ElasticFDA\")' log\nINFO: Cloning cache of ElasticFDA from git://github.com/jdtuck/ElasticFDA.jl.git\nINFO: Installing ArrayViews v0.6.4\nINFO: Installing Cairo v0.2.31\nINFO: Installing ColorTypes v0.1.5\nINFO: Installing Colors v0.5.4\nINFO: Installing Cpp v0.1.0\nINFO: Installing Dierckx v0.1.6\nINFO: Installing Distributions v0.8.6\nINFO: Installing Docile v0.5.19\nINFO: Installing ElasticFDA v0.0.4\nINFO: Installing FixedPointNumbers v0.0.11\nINFO: Installing Graphics v0.1.3\nINFO: Installing Grid v0.3.11\nINFO: Installing IniFile v0.2.4\nINFO: Installing MathProgBase v0.3.17\nINFO: Installing NLopt v0.2.2\nINFO: Installing PDMats v0.3.5\nINFO: Installing ProgressMeter v0.2.0\nINFO: Installing Reexport v0.0.3\nINFO: Installing StatsBase v0.7.2\nINFO: Installing StatsFuns v0.1.3\nINFO: Installing Tk v0.3.6\nINFO: Installing Winston v0.11.12\nINFO: Installing WoodburyMatrices v0.1.2\nINFO: Building Cairo\nINFO: Building Cpp\ngcc -Wall -O2 -shared -fPIC demo.cpp   -o libdemo.so\nINFO: Building Dierckx\nmake: Nothing to be done for `all'.\nINFO: Building Tk\nINFO: Building NLopt\nINFO: Building ElasticFDA\ngcc -fPIC -Wall -Wextra -O3 -g    -c -o DP.o DP.c\nDP.c: In function ‘DP’:\nDP.c:39:70: warning: unused parameter ‘Disp’ [-Wunused-parameter]\n void DP(double *q1, double *q2, int *n1, int *N1, double *lam1, int *Disp, double *yy) {\r\n                                                                      ^\nDP.c: In function ‘CostFn2’:\nDP.c:179:34: warning: unused variable ‘sqrtm’ [-Wunused-variable]\n  double m = (j-l)/(double)(i-k), sqrtm = sqrt(m), E = 0, y, tmp, ip, fp;\r\n                                  ^\nDP.c:178:48: warning: unused parameter ‘q2’ [-Wunused-parameter]\n double CostFn2(const double *q1, const double *q2, const double *q2L, int k, int l, int i, int j, int n, int N, int M, double lam) {\r\n                                                ^\nDP.c:178:127: warning: unused parameter ‘lam’ [-Wunused-parameter]\n double CostFn2(const double *q1, const double *q2, const double *q2L, int k, int l, int i, int j, int n, int N, int M, double lam) {\r\n                                                                                                                               ^\ngcc -fPIC -Wall -Wextra -O3 -g    -c -o DynamicProgrammingQ2.o DynamicProgrammingQ2.c\ngcc -fPIC -Wall -Wextra -O3 -g    -c -o dp_grid.o dp_grid.c\ngcc -fPIC -Wall -Wextra -O3 -g    -c -o fpls_warp_grad.o fpls_warp_grad.c\nfpls_warp_grad.c: In function ‘fpls_warp_grad’:\nfpls_warp_grad.c:35:41: warning: unused variable ‘gamI_ptr’ [-Wunused-variable]\n  double *grad_ptr, *rfi_ptr, *rgi_ptr, *gamI_ptr;\n                                         ^\nfpls_warp_grad.c:34:53: warning: unused variable ‘tmpj_ptr’ [-Wunused-variable]\n  double *xout_ptr, *tmp_ptr, *tmp1_ptr, *tmpi_ptr, *tmpj_ptr;\n                                                     ^\nfpls_warp_grad.c:23:80: warning: unused variable ‘gamI’ [-Wunused-variable]\n  double psi1[TT*N], gam2[TT*N], rfi_diff[TT], rgi_diff[TT], grad[TT], vec[TT], gamI[TT];\n                                                                                ^\nfpls_warp_grad.c:21:9: warning: unused variable ‘tmp2’ [-Wunused-variable]\n  double tmp2 = 0;\n         ^\nfpls_warp_grad.c:14:18: warning: unused variable ‘gam’ [-Wunused-variable]\n  double t = *ti, gam = *gami;\n                  ^\nfpls_warp_grad.c:14:9: warning: unused variable ‘t’ [-Wunused-variable]\n  double t = *ti, gam = *gami;\n         ^\ngcc -fPIC -Wall -Wextra -O3 -g    -c -o misc_funcs.o misc_funcs.c\nmisc_funcs.c: In function ‘SqrtMeanInverse’:\nmisc_funcs.c:462:49: warning: variable ‘v’ set but not used [-Wunused-but-set-variable]\n     double psi[T*n], gam[T*n], mu[T], vec[T*n], v[T], y[T], tmpi, len, vm[T], mnpsi[T], dqq[n];\n                                                 ^\ngcc -fPIC -Wall -Wextra -O3 -g    -c -o mlogit_warp_grad.o mlogit_warp_grad.c\nmlogit_warp_grad.c: In function ‘mlogit_warp_grad’:\nmlogit_warp_grad.c:15:9: warning: unused variable ‘t’ [-Wunused-variable]\n  double t = *ti;\n         ^\ngcc -fPIC -Wall -Wextra -O3 -g    -c -o oclogit_warp_grad.o oclogit_warp_grad.c\noclogit_warp_grad.c: In function ‘oclogit_warp_grad’:\noclogit_warp_grad.c:33:40: warning: variable ‘tmp5_ptr’ set but not used [-Wunused-but-set-variable]\n  double *ftmp_ptr, *c_ptr, *cbar_ptr, *tmp5_ptr, *hpsi_ptr, *psi_ptr;\n                                        ^\noclogit_warp_grad.c:31:57: warning: unused variable ‘A_ptr’ [-Wunused-variable]\n  double *t_ptr, *gam1_ptr, *f_basis_ptr, *q_tilde_ptr, *A_ptr, *nu_ptr;\n                                                         ^\noclogit_warp_grad.c:31:29: warning: variable ‘f_basis_ptr’ set but not used [-Wunused-but-set-variable]\n  double *t_ptr, *gam1_ptr, *f_basis_ptr, *q_tilde_ptr, *A_ptr, *nu_ptr;\n                             ^\noclogit_warp_grad.c:28:9: warning: variable ‘max_val_change’ set but not used [-Wunused-but-set-variable]\n  double max_val_change, res_cos, res_sin, hO;\n         ^\ngcc -fPIC -Wall -Wextra -O3 -g    -c -o ocmlogit_warp_grad.o ocmlogit_warp_grad.c\nocmlogit_warp_grad.c: In function ‘ocmlogit_warp_grad’:\nocmlogit_warp_grad.c:38:21: warning: variable ‘tmp5_ptr’ set but not used [-Wunused-but-set-variable]\n  double *ftmp_ptr, *tmp5_ptr, *tmp6_ptr, *tmp7_ptr, *tmp8_ptr;\n                     ^\nocmlogit_warp_grad.c:37:10: warning: unused variable ‘hO_ptr’ [-Wunused-variable]\n  double *hO_ptr, *O_tmp_ptr, *q_tilde_diff_ptr, *c_ptr, *cbar_ptr;\n          ^\nocmlogit_warp_grad.c:36:50: warning: unused variable ‘tmp4_ptr’ [-Wunused-variable]\n  double *tmp2_ptr, *tmp3_ptr, *O1_ptr, *O2_ptr, *tmp4_ptr;\n                                                  ^\nocmlogit_warp_grad.c:36:41: warning: unused variable ‘O2_ptr’ [-Wunused-variable]\n  double *tmp2_ptr, *tmp3_ptr, *O1_ptr, *O2_ptr, *tmp4_ptr;\n                                         ^\nocmlogit_warp_grad.c:36:21: warning: unused variable ‘tmp3_ptr’ [-Wunused-variable]\n  double *tmp2_ptr, *tmp3_ptr, *O1_ptr, *O2_ptr, *tmp4_ptr;\n                     ^\nocmlogit_warp_grad.c:35:27: warning: unused variable ‘E_ptr’ [-Wunused-variable]\n  double *nu_ptr, *B_ptr, *E_ptr, *q_tmp_ptr, *alpha_ptr;\n                           ^\nocmlogit_warp_grad.c:34:40: warning: unused variable ‘tmpi_ptr’ [-Wunused-variable]\n  double *t_ptr, *f_basis_ptr, *A_ptr, *tmpi_ptr, *q_tilde_ptr;\n                                        ^\nocmlogit_warp_grad.c:34:18: warning: variable ‘f_basis_ptr’ set but not used [-Wunused-but-set-variable]\n  double *t_ptr, *f_basis_ptr, *A_ptr, *tmpi_ptr, *q_tilde_ptr;\n                  ^\nocmlogit_warp_grad.c:31:9: warning: variable ‘max_val_change’ set but not used [-Wunused-but-set-variable]\n  double max_val_change, res_cos, res_sin, theta, thetanew;\n         ^\nocmlogit_warp_grad.c:24:39: warning: unused variable ‘E’ [-Wunused-variable]\n  double t[TT], O1[4], O2[4], binsize, E[4], A[m], O_tmp[4];\n                                       ^\nocmlogit_warp_grad.c:19:15: warning: unused variable ‘kk’ [-Wunused-variable]\n  int k, j, l, kk, jj;\n               ^\ngcc -fPIC -Wall -Wextra -O3 -g  DP.o DynamicProgrammingQ2.o dp_grid.o fpls_warp_grad.o misc_funcs.o mlogit_warp_grad.o oclogit_warp_grad.o ocmlogit_warp_grad.o -o fdasrsf.so -shared   \ng++ -fPIC -O3 -g -lopenblas  -Iincl/ -c -o src/DriverElasticCurvesRO.o src/DriverElasticCurvesRO.cpp\nIn file included from incl/DriverElasticCurvesRO.h:26:0,\n                 from src/DriverElasticCurvesRO.cpp:2:\nincl/RBroydenFamily.h:10:86: error: ‘nullptr’ was not declared in this scope\n  RBroydenFamily(const Problem *prob, const Variable *initialx, LinearOPE *initialH = nullptr);\r\n                                                                                      ^\nIn file included from incl/DriverElasticCurvesRO.h:27:0,\n                 from src/DriverElasticCurvesRO.cpp:2:\nincl/RWRBFGS.h:10:79: error: ‘nullptr’ was not declared in this scope\n  RWRBFGS(const Problem *prob, const Variable *initialx, LinearOPE *initialH = nullptr);\r\n                                                                               ^\nIn file included from incl/DriverElasticCurvesRO.h:28:0,\n                 from src/DriverElasticCurvesRO.cpp:2:\nincl/RBFGS.h:10:77: error: ‘nullptr’ was not declared in this scope\n  RBFGS(const Problem *prob, const Variable *initialx, LinearOPE *initialH = nullptr);\r\n                                                                             ^\nIn file included from incl/DriverElasticCurvesRO.h:34:0,\n                 from src/DriverElasticCurvesRO.cpp:2:\nincl/RTRSR1.h:10:78: error: ‘nullptr’ was not declared in this scope\n  RTRSR1(const Problem *prob, const Variable *initialx, LinearOPE *initialB = nullptr);\r\n                                                                              ^\nIn file included from incl/ElasticCurvesRO.h:17:0,\n                 from incl/DriverElasticCurvesRO.h:38,\n                 from src/DriverElasticCurvesRO.cpp:2:\nincl/ProductManifold.h: In member function ‘Manifold* ProductManifold::GetManifold(std::ptrdiff_t) const’:\nincl/ProductManifold.h:48:103: error: ‘nullptr’ was not declared in this scope\n  inline Manifold *GetManifold(integer idx) const { if (idx < numofmani) return manifolds[idx]; return nullptr; };\r\n                                                                                                       ^\nsrc/DriverElasticCurvesRO.cpp: In function ‘void DriverElasticCurvesRO(double*, double*, std::ptrdiff_t, std::ptrdiff_t, double, bool, bool, bool, std::ptrdiff_t, std::string, std::ptrdiff_t, ProductElement*, bool&, double*, double*, std::ptrdiff_t&, std::ptrdiff_t&)’:\nsrc/DriverElasticCurvesRO.cpp:12:20: error: ‘nullptr’ was not declared in this scope\n  Solvers *solver = nullptr;\r\n                    ^\nsrc/DriverElasticCurvesRO.cpp:338:38: error: call to ‘RBFGS::RBFGS(const Problem*, const Element*, LinearOPE*)’ uses the default argument for parameter 3, which is not yet defined\n     solver = new RBFGS(ECRO, InitialX);\r\n                                      ^\nsrc/DriverElasticCurvesRO.cpp:365:39: error: call to ‘RTRSR1::RTRSR1(const Problem*, const Element*, LinearOPE*)’ uses the default argument for parameter 3, which is not yet defined\n     solver = new RTRSR1(ECRO, InitialX);\r\n                                       ^\nmake: *** [src/DriverElasticCurvesRO.o] Error 1\n=============================[ ERROR: ElasticFDA ]==============================\n\nLoadError: failed process: Process(`make SUFFIX=so`, ProcessExited(2)) [2]\nwhile loading /home/vagrant/.julia/v0.4/ElasticFDA/deps/build.jl, in expression starting on line 7\n\n================================================================================\n\n================================[ BUILD ERRORS ]================================\n\nWARNING: ElasticFDA had build errors.\n\n - packages with build errors remain installed in /home/vagrant/.julia/v0.4\n - build the package(s) and all dependencies with `Pkg.build(\"ElasticFDA\")`\n - build a single package by running its `deps/build.jl` script\n\n================================================================================\nINFO: Package database updated\n\n>>> 'Pkg.test(\"ElasticFDA\")' log\nJulia Version 0.4.0-rc2+10\nCommit d8930a0 (2015-09-20 15:38 UTC)\nPlatform Info:\n  System: Linux (x86_64-unknown-linux-gnu)\n  CPU: Intel(R) Core(TM) i7-6700K CPU @ 4.00GHz\n  WORD_SIZE: 64\n  BLAS: libopenblas (USE64BITINT DYNAMIC_ARCH NO_AFFINITY Prescott)\n  LAPACK: libopenblas\n  LIBM: libopenlibm\n  LLVM: libLLVM-3.3\nINFO: Testing ElasticFDA\nERROR: LoadError: ArgumentError: FDAsrsf not found in path\n in require at ./loading.jl:252\n in include at ./boot.jl:261\n in include_from_node1 at ./loading.jl:304\n in process_options at ./client.jl:308\n in _start at ./client.jl:411\nwhile loading /home/vagrant/.julia/v0.4/ElasticFDA/test/runtests.jl, in expression starting on line 1\n=============================[ ERROR: ElasticFDA ]==============================\n\nfailed process: Process(`/home/vagrant/julia/bin/julia --check-bounds=yes --code-coverage=none --color=no /home/vagrant/.julia/v0.4/ElasticFDA/test/runtests.jl`, ProcessExited(1)) [1]\n\n================================================================================\nERROR: ElasticFDA had test errors\n in error at ./error.jl:21\n in test at pkg/entry.jl:753\n in anonymous at pkg/dir.jl:31\n in cd at file.jl:22\n in cd at pkg/dir.jl:31\n in test at pkg.jl:71\n in process_options at ./client.jl:284\n in _start at ./client.jl:411\n\n>>> End of log","licfile":"LICENSE.md","license":"MIT"}