Julia Version 0.4.0-rc2+10
Commit d8930a0 (2015-09-20 15:38 UTC)
Platform Info:
  System: Linux (x86_64-unknown-linux-gnu)
  CPU: Intel(R) Core(TM) i7 CPU         960  @ 3.20GHz
  WORD_SIZE: 64
  BLAS: libopenblas (USE64BITINT DYNAMIC_ARCH NO_AFFINITY Nehalem)
  LAPACK: libopenblas
  LIBM: libopenlibm
  LLVM: libLLVM-3.3
INFO: Testing Evolutionary
Running tests:
WARNING: Base.Nothing is deprecated, use Void instead.
WARNING: Union(args...) is deprecated, use Union{args...} instead.
 in depwarn at deprecated.jl:73
 in call at deprecated.jl:50
 in include at ./boot.jl:261
 in include_from_node1 at ./loading.jl:304
 in require at ./loading.jl:243
 in include at ./boot.jl:261
 in include_from_node1 at ./loading.jl:304
 [inlined code] from /home/vagrant/.julia/v0.4/Evolutionary/test/runtests.jl:17
 in anonymous at no file:0
 in include at ./boot.jl:261
 in include_from_node1 at ./loading.jl:304
 in process_options at ./client.jl:308
 in _start at ./client.jl:411
while loading /home/vagrant/.julia/v0.4/Evolutionary/src/Evolutionary.jl, in expression starting on line 22
WARNING: Base.Nothing is deprecated, use Void instead.
WARNING: Union(args...) is deprecated, use Union{args...} instead.
 in depwarn at deprecated.jl:73
 in call at deprecated.jl:50
 in include at ./boot.jl:261
 in include_from_node1 at ./loading.jl:304
 in include at ./boot.jl:261
 in include_from_node1 at ./loading.jl:304
 in require at ./loading.jl:243
 in include at ./boot.jl:261
 in include_from_node1 at ./loading.jl:304
 [inlined code] from /home/vagrant/.julia/v0.4/Evolutionary/test/runtests.jl:17
 in anonymous at no file:0
 in include at ./boot.jl:261
 in include_from_node1 at ./loading.jl:304
 in process_options at ./client.jl:308
 in _start at ./client.jl:411
while loading /home/vagrant/.julia/v0.4/Evolutionary/src/ga.jl, in expression starting on line 15
WARNING: Base.Nothing is deprecated, use Void instead.
WARNING: Union(args...) is deprecated, use Union{args...} instead.
 in depwarn at deprecated.jl:73
 in call at deprecated.jl:50
 in include at ./boot.jl:261
 in include_from_node1 at ./loading.jl:304
 in include at ./boot.jl:261
 in include_from_node1 at ./loading.jl:304
 in require at ./loading.jl:243
 in include at ./boot.jl:261
 in include_from_node1 at ./loading.jl:304
 [inlined code] from /home/vagrant/.julia/v0.4/Evolutionary/test/runtests.jl:17
 in anonymous at no file:0
 in include at ./boot.jl:261
 in include_from_node1 at ./loading.jl:304
 in process_options at ./client.jl:308
 in _start at ./client.jl:411
while loading /home/vagrant/.julia/v0.4/Evolutionary/src/ga.jl, in expression starting on line 15
(3/3,25)-Ïƒ-SA-ES => F: 3.042839921853198e-19, C: 291
WARNING: Base.Nothing is deprecated, use Void instead.
WARNING: Base.Nothing is deprecated, use Void instead.
WARNING: Base.Nothing is deprecated, use Void instead.
WARNING: Base.Nothing is deprecated, use Void instead.
WARNING: Base.Nothing is deprecated, use Void instead.
WARNING: Base.Nothing is deprecated, use Void instead.
WARNING: Base.Nothing is deprecated, use Void instead.
WARNING: Base.Nothing is deprecated, use Void instead.
WARNING: Base.Nothing is deprecated, use Void instead.
WARNING: Base.Nothing is deprecated, use Void instead.
in ga at :0
WARNING: Base.Nothing is deprecated, use Void instead.
in ga at :0
WARNING: Base.Nothing is deprecated, use Void instead.
in ga at :0
WARNING: Base.Nothing is deprecated, use Void instead.
in ga at :0
WARNING: Base.Nothing is deprecated, use Void instead.
in ga at :0
WARNING: Base.Nothing is deprecated, use Void instead.
in ga at :0
GA(pop=25,xover=0.8,Î¼=0.1) => F: 0.0016700564106467337, C: 543
	[1m[32mPASSED[0m: sphere.jl
(15/5+100)-ES => F: 9.952900501286641e-5, C: 1000, OBJ: [1.00906024082402,1.0186201943383915]
(15/15+100)-Ïƒ-SA-ES-IS => F: 0.0, C: 1000, OBJ: [1.0,1.0]
(15/15+100)-Ïƒ-SA-ES-AS => F: 7.72139637155173e-5, C: 1000, OBJ: [1.0039676050765582,1.0087349933282463]
(3/3,12)-CMA-ES => F: 1.0098257089340004e-8, C: 5907, OBJ: [0.999899941685821,0.9997989628412458]
GA(p=50,x=0.8,Î¼=0.1) => F: 0.013963154143537883, C: 200, OBJ: [0.8818560825895477,0.7774427977566949]
	[1m[31mFAILED[0m: rosenbrock.jl
LoadError: assertion failed: |result - ones(N)| <= 0.1
  result = [0.8818560825895477,0.7774427977566949]
  ones(N) = [1.0,1.0]
  difference = 0.2225572022433051 > 0.1
 [inlined code] from /home/vagrant/.julia/v0.4/Evolutionary/test/runtests.jl:25
 in anonymous at no file:0
 in include at ./boot.jl:261
 in include_from_node1 at ./loading.jl:304
 in process_options at ./client.jl:308
 in _start at ./client.jl:411
while loading /home/vagrant/.julia/v0.4/Evolutionary/test/rosenbrock.jl, in expression starting on line 64
(3/3,12)-CMA-ES (Schwefel) => F: 1.0249499564149744e-17, C: 895
	[1m[32mPASSED[0m: schwefel.jl
(15/15,100)-Ïƒ-SA-ES-AS => F: 3.699141830086006, C: 1000, OBJ: [0.9719760194446663,0.9074069508404636,-0.0257497883431113]
WARNING: Found local minimum!!!
(15/15,100)-CMA-ES => F: 0.0, C: 222, OBJ: [8.560238656877872e-10,-2.2374161250960622e-10,2.1251245620643943e-10]
GA(p=100,x=.8,Î¼=.1,É›=0.1) => F: 1.103821034575958e-7, C: 46, OBJ: [-9.169707038801311e-6,-2.1015881158997725e-5,-5.53468952706733e-6]
	[1m[32mPASSED[0m: rastrigin.jl
GA:PMX:Evolutionary.inversion(N=8, P=50) => F: 0, C: 800, OBJ: [1,7,4,6,8,2,5,3]
GA:PMX:Evolutionary.insertion(N=8, P=50) => F: 0, C: 800, OBJ: [3,5,8,4,1,7,2,6]
GA:PMX:Evolutionary.swap2(N=8, P=50) => F: 0, C: 800, OBJ: [2,7,5,8,1,4,6,3]
GA:PMX:Evolutionary.scramble(N=8, P=50) => F: 0, C: 800, OBJ: [5,3,1,6,8,2,4,7]
GA:PMX:Evolutionary.shifting(N=8, P=50) => F: 0, C: 800, OBJ: [4,8,1,3,6,2,7,5]
(15+50)-ES:Evolutionary.inversion => F: 1.0, C: 800, OBJ: [7,2,4,8,1,5,3,6]
	[1m[31mFAILED[0m: n-queens.jl
LoadError: test failed: 1 == 0
 in expression: nqueens(result) == 0
 [inlined code] from /home/vagrant/.julia/v0.4/Evolutionary/test/runtests.jl:25
 in anonymous at no file:0
 in include at ./boot.jl:261
 in include_from_node1 at ./loading.jl:304
 in process_options at ./client.jl:308
 in _start at ./client.jl:411
while loading /home/vagrant/.julia/v0.4/Evolutionary/test/n-queens.jl, in expression starting on line 40
INFO: Evolutionary tests passed
